1594236010540	mozrunner::runner	INFO	Running command: "/usr/bin/firefox" "-marionette" "-foreground" "-no-remote" "-profile" "/tmp/rust_mozprofileHwSsto"
1594236019675	Marionette	INFO	Listening on port 33769
1594236019755	Marionette	WARN	TLS certificate errors will be ignored for this session
JavaScript error: https://chromedino.com/js/gdpr.js, line 1: SyntaxError: function statement requires a name
JavaScript error: https://connect.facebook.net/en_US/sdk.js?hash=17016a25306c6206592db0b5b5ee505f, line 97: uncaught exception: Error: invalid version specified
console.error: "Store does not have a valid reducer. Make sure the argument passed to combineReducers is an object whose values are reducers."
SourceActor threw an exception: [Exception... "Component returned failure code: 0x80470002 (NS_BASE_STREAM_CLOSED) [nsIInputStream.available]"  nsresult: "0x80470002 (NS_BASE_STREAM_CLOSED)"  location: "JS frame :: resource://devtools/shared/DevToolsUtils.js :: onResponse :: line 558"  data: no]
Stack: onResponse@resource://devtools/shared/DevToolsUtils.js:558:34
onStopRequest@resource://gre/modules/NetUtil.jsm:128:18
Line: 558, column: 0
console.error: ({})
JavaScript error: resource://devtools/shared/DevToolsUtils.js, line 558: NS_BASE_STREAM_CLOSED: Component returned failure code: 0x80470002 (NS_BASE_STREAM_CLOSED) [nsIInputStream.available]
1594236493726	mozrunner::runner	INFO	Running command: "/usr/bin/firefox" "-marionette" "-foreground" "-no-remote" "-profile" "/tmp/rust_mozprofileIUC1Ye"
1594236499236	Marionette	INFO	Listening on port 33161
1594236499256	Marionette	WARN	TLS certificate errors will be ignored for this session
JavaScript error: https://chromedino.com/js/gdpr.js, line 1: SyntaxError: function statement requires a name
JavaScript error: https://connect.facebook.net/en_US/sdk.js?hash=17016a25306c6206592db0b5b5ee505f, line 97: uncaught exception: Error: invalid version specified
JavaScript error: https://eus.rubiconproject.com/usync.html?p=33across&endpoint=eu&us_privacy=, line 12: SecurityError: The operation is insecure.
JavaScript error: https://eus.rubiconproject.com/usync.html?p=33across&endpoint=eu&us_privacy=, line 12: SecurityError: The operation is insecure.
JavaScript error: https://eus.rubiconproject.com/usync.html?p=33across&endpoint=eu&us_privacy=, line 12: SecurityError: The operation is insecure.
JavaScript error: https://eus.rubiconproject.com/usync.html?p=33across&endpoint=eu&us_privacy=, line 12: SecurityError: The operation is insecure.
JavaScript error: https://eus.rubiconproject.com/usync.html?p=33across&endpoint=eu&us_privacy=, line 12: SecurityError: The operation is insecure.
1594236613240	Marionette	INFO	Stopped listening on port 33769
JavaScript error: , line 0: UnknownError: The operation failed for reasons unrelated to the database itself and not covered by any other error code.
1594236615369	Marionette	INFO	Stopped listening on port 33161
1594236618358	mozrunner::runner	INFO	Running command: "/usr/bin/firefox" "-marionette" "-foreground" "-no-remote" "-profile" "/tmp/rust_mozprofileklkx7D"
1594236625759	Marionette	INFO	Listening on port 39503
1594236625796	Marionette	WARN	TLS certificate errors will be ignored for this session
JavaScript error: resource://gre/modules/URIFixup.jsm, line 281: NS_ERROR_FAILURE: Should pass a non-null uri
JavaScript error: https://chromedino.com/js/gdpr.js, line 1: SyntaxError: function statement requires a name
JavaScript error: https://connect.facebook.net/en_US/sdk.js?hash=17016a25306c6206592db0b5b5ee505f, line 97: uncaught exception: Error: invalid version specified
1594236761301	mozrunner::runner	INFO	Running command: "/usr/bin/firefox" "-marionette" "-foreground" "-no-remote" "-profile" "/tmp/rust_mozprofileDAlLef"
JavaScript error: , line 0: UnknownError: The operation failed for reasons unrelated to the database itself and not covered by any other error code.
1594236762268	Marionette	INFO	Stopped listening on port 39503
1594236765771	Marionette	INFO	Listening on port 35285
1594236765818	Marionette	WARN	TLS certificate errors will be ignored for this session
JavaScript error: https://chromedino.com/js/gdpr.js, line 1: SyntaxError: function statement requires a name
JavaScript error: https://connect.facebook.net/en_US/sdk.js?hash=17016a25306c6206592db0b5b5ee505f, line 97: uncaught exception: Error: invalid version specified
1594237026233	mozrunner::runner	INFO	Running command: "/usr/bin/firefox" "-marionette" "-foreground" "-no-remote" "-profile" "/tmp/rust_mozprofileuOy7qX"
JavaScript error: , line 0: UnknownError: The operation failed for reasons unrelated to the database itself and not covered by any other error code.
1594237027146	Marionette	INFO	Stopped listening on port 35285
1594237030679	Marionette	INFO	Listening on port 32801
1594237030747	Marionette	WARN	TLS certificate errors will be ignored for this session
JavaScript error: https://chromedino.com/js/gdpr.js, line 1: SyntaxError: function statement requires a name
JavaScript error: https://connect.facebook.net/en_US/sdk.js?hash=17016a25306c6206592db0b5b5ee505f, line 97: uncaught exception: Error: invalid version specified
Exiting due to channel error.
Exiting due to channel error.
Exiting due to channel error.
